Using pre-set license
Built from '2020.3/staging' branch; Version is '2020.3.10f1 (297d780c91bc) revision 2719096'; Using compiler version '192528614'; Build Type 'Release'
OS: 'Windows 10 Pro; OS build 19042.1237; Version 2009; 64bit' Language: 'ru' Physical Memory: 8190 MB
BatchMode: 1, IsHumanControllingUs: 0, StartBugReporterOnCrash: 0, Is64bit: 1, IsPro: 0

 COMMAND LINE ARGUMENTS:
E:\UNITYEDITORS\2020.3.10f1\Editor\Unity.exe
-adb2
-batchMode
-noUpm
-name
AssetImportWorker0
-projectPath
D:/Unity Projects/SnakeRaner
-logFile
Logs/AssetImportWorker0.log
-srvPort
56000
Successfully changed project path to: D:/Unity Projects/SnakeRaner
D:/Unity Projects/SnakeRaner
Using Asset Import Pipeline V2.
Refreshing native plugins compatible for Editor in 426.33 ms, found 2 plugins.
Preloading 0 native plugins for Editor in 0.00 ms.
Initialize engine version: 2020.3.10f1 (297d780c91bc)
[Subsystems] Discovering subsystems at path E:/UNITYEDITORS/2020.3.10f1/Editor/Data/Resources/UnitySubsystems
[Subsystems] Discovering subsystems at path D:/Unity Projects/SnakeRaner/Assets
GfxDevice: creating device client; threaded=0
Direct3D:
    Version:  Direct3D 11.0 [level 11.0]
    Renderer: AMD Radeon HD 6700 Series (ID=0x68ba)
    Vendor:   
    VRAM:     1010 MB
    Driver:   15.201.1151.1008
Initialize mono
Mono path[0] = 'E:/UNITYEDITORS/2020.3.10f1/Editor/Data/Managed'
Mono path[1] = 'E:/UNITYEDITORS/2020.3.10f1/Editor/Data/MonoBleedingEdge/lib/mono/unityjit'
Mono config path = 'E:/UNITYEDITORS/2020.3.10f1/Editor/Data/MonoBleedingEdge/etc'
Using monoOptions --debugger-agent=transport=dt_socket,embedding=1,server=y,suspend=n,address=127.0.0.1:56648
Begin MonoManager ReloadAssembly
Registering precompiled unity dll's ...
Register platform support module: E:/UNITYEDITORS/2020.3.10f1/Editor/Data/PlaybackEngines/WindowsStandaloneSupport/UnityEditor.WindowsStandalone.Extensions.dll
Registered in 0.002205 seconds.
Native extension for WindowsStandalone target not found
Refreshing native plugins compatible for Editor in 156.80 ms, found 2 plugins.
Preloading 0 native plugins for Editor in 0.00 ms.
Mono: successfully reloaded assembly
- Completed reload, in  4.894 seconds
Platform modules already initialized, skipping
Registering precompiled user dll's ...
Registered in 0.006027 seconds.
Begin MonoManager ReloadAssembly
Native extension for WindowsStandalone target not found
Refreshing native plugins compatible for Editor in 1.21 ms, found 2 plugins.
Preloading 0 native plugins for Editor in 0.00 ms.
Mono: successfully reloaded assembly
- Completed reload, in  3.619 seconds
Platform modules already initialized, skipping
========================================================================
Worker process is ready to serve import requests
Launched and connected shader compiler UnityShaderCompiler.exe after 0.43 seconds
Refreshing native plugins compatible for Editor in 1.75 ms, found 2 plugins.
Preloading 0 native plugins for Editor in 0.00 ms.
Unloading 1553 Unused Serialized files (Serialized files now loaded: 0)
System memory in use before: 99.2 MB.
System memory in use after: 81.3 MB.

Unloading 86 unused Assets to reduce memory usage. Loaded Objects now: 1921.
Total: 25.175300 ms (FindLiveObjects: 0.500000 ms CreateObjectMapping: 0.102900 ms MarkObjects: 4.160200 ms  DeleteObjects: 20.408400 ms)

========================================================================
Received Import Request.
  path: Assets/Packs/StylizedWater/Materials/Textures/StylizedWater_Mobile_normal_baked.png
  artifactKey: Guid(6a4951be050ccf74380a80c3b9814cbf) Importer(815301076,1909f56bfc062723c751e8b465ee728b)
Start importing Assets/Packs/StylizedWater/Materials/Textures/StylizedWater_Mobile_normal_baked.png using Guid(6a4951be050ccf74380a80c3b9814cbf) Importer(815301076,1909f56bfc062723c751e8b465ee728b)  -> (artifact id: '28d1f25d383b7332315b93c7b04f0cfa') in 0.221393 seconds
  Import took 0.227578 seconds .

========================================================================
Received Import Request.
  Time since last request: 0.000855 seconds.
  path: Assets/Packs/StylizedWater/Materials/Textures/StylizedWater_Mobile_shadermap_baked.png
  artifactKey: Guid(79c7ba25d6c5cf644b73f1961a00bfa4) Importer(815301076,1909f56bfc062723c751e8b465ee728b)
Start importing Assets/Packs/StylizedWater/Materials/Textures/StylizedWater_Mobile_shadermap_baked.png using Guid(79c7ba25d6c5cf644b73f1961a00bfa4) Importer(815301076,1909f56bfc062723c751e8b465ee728b)  -> (artifact id: 'e17dd2acf284f6c4ac979d2c3676d571') in 0.104279 seconds
  Import took 0.111901 seconds .

========================================================================
Received Import Request.
  Time since last request: 27.777719 seconds.
  path: Assets/Prefabs/Levels
  artifactKey: Guid(818c2ce79b86b68408efb5f5ec2a2bc4) Importer(815301076,1909f56bfc062723c751e8b465ee728b)
Start importing Assets/Prefabs/Levels using Guid(818c2ce79b86b68408efb5f5ec2a2bc4) Importer(815301076,1909f56bfc062723c751e8b465ee728b)  -> (artifact id: 'a76efc1459ded60134d53a4aa7cda8a1') in 0.004400 seconds
  Import took 0.014538 seconds .

========================================================================
Received Import Request.
  Time since last request: 0.658456 seconds.
  path: Assets/Prefabs/Levels/Level 1.prefab
  artifactKey: Guid(a56b1b407fee1464d8436e2c95e39909) Importer(815301076,1909f56bfc062723c751e8b465ee728b)
Start importing Assets/Prefabs/Levels/Level 1.prefab using Guid(a56b1b407fee1464d8436e2c95e39909) Importer(815301076,1909f56bfc062723c751e8b465ee728b)  -> (artifact id: 'b4447c4aaa6d2c099c9bcc57357537ef') in 1.415735 seconds
  Import took 1.484915 seconds .

========================================================================
Received Prepare
Registering precompiled user dll's ...
Registered in 0.006543 seconds.
Begin MonoManager ReloadAssembly
Native extension for WindowsStandalone target not found
Refreshing native plugins compatible for Editor in 1.32 ms, found 2 plugins.
Preloading 0 native plugins for Editor in 0.00 ms.
Mono: successfully reloaded assembly
- Completed reload, in  3.082 seconds
Platform modules already initialized, skipping
Switching build target platform(19) subTarget(0) extendedPlatform(0) -> platform(13) subTarget(537395200) extendedPlatform(0)
Refreshing native plugins compatible for Editor in 2.28 ms, found 2 plugins.
Preloading 0 native plugins for Editor in 0.00 ms.
Unloading 1542 Unused Serialized files (Serialized files now loaded: 0)
System memory in use before: 117.7 MB.
System memory in use after: 99.8 MB.

Unloading 81 unused Assets to reduce memory usage. Loaded Objects now: 1935.
Total: 23.742700 ms (FindLiveObjects: 0.482800 ms CreateObjectMapping: 0.105700 ms MarkObjects: 4.249300 ms  DeleteObjects: 18.902000 ms)

AssetImportParameters requested are different than current active one (requested -> active):
  custom:graphics/normal-map-encoding: 01000000000000000000000000000000 -> 02000000000000000000000000000000
========================================================================
Received Prepare
Registering precompiled user dll's ...
Registered in 0.006464 seconds.
Begin MonoManager ReloadAssembly
Native extension for WindowsStandalone target not found
Refreshing native plugins compatible for Editor in 1.29 ms, found 2 plugins.
Preloading 0 native plugins for Editor in 0.00 ms.
Mono: successfully reloaded assembly
- Completed reload, in  3.250 seconds
Platform modules already initialized, skipping
Switching build target platform(19) subTarget(0) extendedPlatform(0) -> platform(13) subTarget(537395200) extendedPlatform(0)
Refreshing native plugins compatible for Editor in 1.92 ms, found 2 plugins.
Preloading 0 native plugins for Editor in 0.00 ms.
Unloading 1542 Unused Serialized files (Serialized files now loaded: 0)
System memory in use before: 117.8 MB.
System memory in use after: 99.9 MB.

Unloading 81 unused Assets to reduce memory usage. Loaded Objects now: 1938.
Total: 25.612300 ms (FindLiveObjects: 0.545700 ms CreateObjectMapping: 0.106000 ms MarkObjects: 4.317200 ms  DeleteObjects: 20.639600 ms)

AssetImportParameters requested are different than current active one (requested -> active):
  custom:graphics/normal-map-encoding: 01000000000000000000000000000000 -> 02000000000000000000000000000000
========================================================================
Received Prepare
Registering precompiled user dll's ...
Registered in 0.006171 seconds.
Begin MonoManager ReloadAssembly
Native extension for WindowsStandalone target not found
Refreshing native plugins compatible for Editor in 1.23 ms, found 2 plugins.
Preloading 0 native plugins for Editor in 0.00 ms.
Mono: successfully reloaded assembly
- Completed reload, in  6.971 seconds
Platform modules already initialized, skipping
Switching build target platform(19) subTarget(0) extendedPlatform(0) -> platform(13) subTarget(537395200) extendedPlatform(0)
Refreshing native plugins compatible for Editor in 1.23 ms, found 2 plugins.
Preloading 0 native plugins for Editor in 0.00 ms.
Unloading 1542 Unused Serialized files (Serialized files now loaded: 0)
System memory in use before: 117.7 MB.
System memory in use after: 99.8 MB.

Unloading 81 unused Assets to reduce memory usage. Loaded Objects now: 1941.
Total: 23.568100 ms (FindLiveObjects: 0.515400 ms CreateObjectMapping: 0.111100 ms MarkObjects: 4.238100 ms  DeleteObjects: 18.699000 ms)

AssetImportParameters requested are different than current active one (requested -> active):
  custom:graphics/normal-map-encoding: 01000000000000000000000000000000 -> 02000000000000000000000000000000
